This is pdfTeX, Version 3.14159265-2.6-1.40.20 (TeX Live 2019) (preloaded format=pdflatex 2019.5.8)  6 NOV 2021 16:02
entering extended mode
 restricted \write18 enabled.
 %&-line parsing enabled.
**Fioretto-biosketch.tex
(./Fioretto-biosketch.tex
LaTeX2e <2018-12-01>
(/usr/local/texlive/2019/texmf-dist/tex/latex/base/article.cls
Document Class: article 2018/09/03 v1.4i Standard LaTeX document class
(/usr/local/texlive/2019/texmf-dist/tex/latex/base/size10.clo
File: size10.clo 2018/09/03 v1.4i Standard LaTeX file (size option)
)
\c@part=\count80
\c@section=\count81
\c@subsection=\count82
\c@subsubsection=\count83
\c@paragraph=\count84
\c@subparagraph=\count85
\c@figure=\count86
\c@table=\count87
\abovecaptionskip=\skip41
\belowcaptionskip=\skip42
\bibindent=\dimen102
)
(/usr/local/texlive/2019/texmf-dist/tex/latex/preprint/fullpage.sty
Package: fullpage 1999/02/23 1.1 (PWD)
\FP@margin=\skip43
)
(/usr/local/texlive/2019/texmf-dist/tex/latex/etaremune/etaremune.sty
Package: etaremune 2005/06/01 v1.2 Reversed enumerate (HA)

(/usr/local/texlive/2019/texmf-dist/tex/latex/xkeyval/xkeyval.sty
Package: xkeyval 2014/12/03 v2.7a package option processing (HA)

(/usr/local/texlive/2019/texmf-dist/tex/generic/xkeyval/xkeyval.tex
(/usr/local/texlive/2019/texmf-dist/tex/generic/xkeyval/xkvutils.tex
\XKV@toks=\toks14
\XKV@tempa@toks=\toks15

(/usr/local/texlive/2019/texmf-dist/tex/generic/xkeyval/keyval.tex))
\XKV@depth=\count88
File: xkeyval.tex 2014/12/03 v2.7a key=value parser (HA)
))
\c@EM@itemctr=\count89
\c@EM@etaremunectr=\count90
)
(/usr/local/texlive/2019/texmf-dist/tex/latex/fancyhdr/fancyhdr.sty
Package: fancyhdr 2019/01/31 v3.10 Extensive control of page headers and footer
s
\f@nch@headwidth=\skip44
\f@nch@O@elh=\skip45
\f@nch@O@erh=\skip46
\f@nch@O@olh=\skip47
\f@nch@O@orh=\skip48
\f@nch@O@elf=\skip49
\f@nch@O@erf=\skip50
\f@nch@O@olf=\skip51
\f@nch@O@orf=\skip52
)
(/usr/local/texlive/2019/texmf-dist/tex/latex/graphics/color.sty
Package: color 2016/07/10 v1.1e Standard LaTeX Color (DPC)

(/usr/local/texlive/2019/texmf-dist/tex/latex/graphics-cfg/color.cfg
File: color.cfg 2016/01/02 v1.6 sample color configuration
)
Package color Info: Driver file: pdftex.def on input line 147.

(/usr/local/texlive/2019/texmf-dist/tex/latex/graphics-def/pdftex.def
File: pdftex.def 2018/01/08 v1.0l Graphics/color driver for pdftex
))
(/usr/local/texlive/2019/texmf-dist/tex/latex/base/ifthen.sty
Package: ifthen 2014/09/29 v1.1c Standard LaTeX ifthen package (DPC)
)
(/usr/local/texlive/2019/texmf-dist/tex/latex/paralist/paralist.sty
Package: paralist 2017/01/22 v2.7 Extended list environments
\pltopsep=\skip53
\plpartopsep=\skip54
\plitemsep=\skip55
\plparsep=\skip56
\pl@lab=\toks16
)
(/usr/local/texlive/2019/texmf-dist/tex/latex/enumitem/enumitem.sty
Package: enumitem 2019/02/04 v3.8 Customized lists
\enitkv@toks@=\toks17
\labelindent=\skip57
\enit@outerparindent=\dimen103
\enit@toks=\toks18
\enit@inbox=\box27
\enit@count@id=\count91
\enitdp@description=\count92
)

LaTeX Warning: Unused global option(s):
    [times].

(./Fioretto-biosketch.aux)
\openout1 = `Fioretto-biosketch.aux'.

LaTeX Font Info:    Checking defaults for OML/cmm/m/it on input line 62.
LaTeX Font Info:    ... okay on input line 62.
LaTeX Font Info:    Checking defaults for T1/cmr/m/n on input line 62.
LaTeX Font Info:    ... okay on input line 62.
LaTeX Font Info:    Checking defaults for OT1/cmr/m/n on input line 62.
LaTeX Font Info:    ... okay on input line 62.
LaTeX Font Info:    Checking defaults for OMS/cmsy/m/n on input line 62.
LaTeX Font Info:    ... okay on input line 62.
LaTeX Font Info:    Checking defaults for OMX/cmex/m/n on input line 62.
LaTeX Font Info:    ... okay on input line 62.
LaTeX Font Info:    Checking defaults for U/cmr/m/n on input line 62.
LaTeX Font Info:    ... okay on input line 62.

(/usr/local/texlive/2019/texmf-dist/tex/context/base/mkii/supp-pdf.mkii
[Loading MPS to PDF converter (version 2006.09.02).]
\scratchcounter=\count93
\scratchdimen=\dimen104
\scratchbox=\box28
\nofMPsegments=\count94
\nofMParguments=\count95
\everyMPshowfont=\toks19
\MPscratchCnt=\count96
\MPscratchDim=\dimen105
\MPnumerator=\count97
\makeMPintoPDFobject=\count98
\everyMPtoPDFconversion=\toks20
)
Overfull \hbox (5.24498pt too wide) in paragraph at lines 66--67
| 
 []

LaTeX Font Info:    External font `cmex10' loaded for size
(Font)              <7> on input line 68.
LaTeX Font Info:    External font `cmex10' loaded for size
(Font)              <5> on input line 68.

Overfull \hbox (5.39787pt too wide) in paragraph at lines 68--79
[][] 
 []

LaTeX Font Info:    Try loading font information for OMS+cmr on input line 99.
(/usr/local/texlive/2019/texmf-dist/tex/latex/base/omscmr.fd
File: omscmr.fd 2014/09/29 v2.5h Standard LaTeX font definitions
)
LaTeX Font Info:    Font shape `OMS/cmr/m/n' in size <10> not available
(Font)              Font shape `OMS/cmsy/m/n' tried instead on input line 99.
 [1


Non-PDF special ignored!
<special> ! /pdfmark where {pop} {userdict /pdfmark /cleartomark load put} ...
{/usr/local/texlive/2019/texmf-var/fonts/map/pdftex/updmap/pdftex.map}]
(./Fioretto-biosketch.aux) ) 
Here is how much of TeX's memory you used:
 1688 strings out of 492616
 24018 string characters out of 6129482
 92860 words of memory out of 5000000
 5631 multiletter control sequences out of 15000+600000
 5667 words of font info for 21 fonts, out of 8000000 for 9000
 1141 hyphenation exceptions out of 8191
 27i,7n,43p,515b,166s stack positions out of 5000i,500n,10000p,200000b,80000s
</usr/local/texlive/2019/texmf-dist/fonts/type1/pub
lic/amsfonts/cm/cmbx10.pfb></usr/local/texlive/2019/texmf-dist/fonts/type1/publ
ic/amsfonts/cm/cmcsc10.pfb></usr/local/texlive/2019/texmf-dist/fonts/type1/publ
ic/amsfonts/cm/cmr10.pfb></usr/local/texlive/2019/texmf-dist/fonts/type1/public
/amsfonts/cm/cmr17.pfb></usr/local/texlive/2019/texmf-dist/fonts/type1/public/a
msfonts/cm/cmsy10.pfb></usr/local/texlive/2019/texmf-dist/fonts/type1/public/am
sfonts/cm/cmti10.pfb></usr/local/texlive/2019/texmf-dist/fonts/type1/public/ams
fonts/cm/cmtt10.pfb>
Output written on Fioretto-biosketch.pdf (1 page, 92507 bytes).
PDF statistics:
 36 PDF objects out of 1000 (max. 8388607)
 25 compressed objects within 1 object stream
 0 named destinations out of 1000 (max. 500000)
 1 words of extra memory for PDF output out of 10000 (max. 10000000)

